<!DOCTYPE suite SYSTEM "http://testng.org/testng-1.0.dtd" >
<suite name="Common suite">
    <test name="Raid TC">
        <classes>
            <class name="io.github.sskorol.raid.testcases.RaidTests"/>
        </classes>
    </test>
</suite>
